The target system is: Windows -  - 
The host system is: Linux - 5.10.16.3-microsoft-standard-WSL2 - x86_64
Compiling the CXX compiler identification source file "CMakeCXXCompilerId.cpp" succeeded.
Compiler: /usr/bin/x86_64-w64-mingw32-g++ 
Build flags: 
Id flags:  

The output was:
0


Compilation of the CXX compiler identification source "CMakeCXXCompilerId.cpp" produced "a.exe"

The CXX compiler identification is GNU, found in "/home/dulu/opengl_ex/build/CMakeFiles/3.24.2/CompilerIdCXX/a.exe"

Detecting CXX compiler ABI info compiled with the following output:
Change Dir: /home/dulu/opengl_ex/build/CMakeFiles/CMakeTmp

Run Build Command(s):/usr/bin/ninja cmTC_9eb76 && [1/2] Building CXX object CMakeFiles/cmTC_9eb76.dir/CMakeCXXCompilerABI.cpp.obj
Using built-in specs.
COLLECT_GCC=/usr/bin/x86_64-w64-mingw32-g++
Target: x86_64-w64-mingw32
Configured with: ../configure --prefix=/usr --bindir=/usr/bin --includedir=/usr/include --libdir=/usr/lib64 --libexecdir=/usr/lib64 --mandir=/usr/share/man --infodir=/usr/share/info --datadir=/usr/share --build=x86_64-suse-linux-gnu --host=x86_64-suse-linux-gnu --target=x86_64-w64-mingw32 --with-gnu-as --with-gnu-ld --verbose --without-newlib --disable-multilib --enable-shared --disable-plugin --with-system-zlib --disable-nls --without-included-gettext --disable-win32-registry --enable-threads=posix --enable-version-specific-runtime-libs --with-sysroot=/usr/x86_64-w64-mingw32/sys-root --enable-languages=c,c++,fortran,objc,obj-c++ --without-x --enable-hash-synchronization --enable-fully-dynamic-string --enable-libgomp --enable-linker-build-id --disable-vtable-verify --with-pkgversion='SUSE Linux'
Thread model: posix
Supported LTO compression algorithms: zlib
gcc version 12.2.0 (SUSE Linux) 
COLLECT_GCC_OPTIONS='-v' '-o' 'CMakeFiles/cmTC_9eb76.dir/CMakeCXXCompilerABI.cpp.obj' '-c' '-shared-libgcc' '-mtune=generic' '-march=x86-64' '-dumpdir' 'CMakeFiles/cmTC_9eb76.dir/'
 /usr/lib64/gcc/x86_64-w64-mingw32/12.2.0/cc1plus -quiet -v -D_REENTRANT /usr/share/cmake/Modules/CMakeCXXCompilerABI.cpp -quiet -dumpdir CMakeFiles/cmTC_9eb76.dir/ -dumpbase CMakeCXXCompilerABI.cpp.cpp -dumpbase-ext .cpp -mtune=generic -march=x86-64 -version -o /tmp/ccQOLVt2.s
GNU C++17 (SUSE Linux) version 12.2.0 (x86_64-w64-mingw32)
	compiled by GNU C version 12.1.1 20220812 [revision 6b7d570a5001bb79e34c0d1626a8c7f55386dac7], GMP version 6.2.1, MPFR version 4.1.0-p7, MPC version 1.2.1, isl version none
GGC heuristics: --param ggc-min-expand=100 --param ggc-min-heapsize=131072
ignoring nonexistent directory "/usr/x86_64-w64-mingw32/sys-root/usr/local/include"
ignoring nonexistent directory "/usr/lib64/gcc/x86_64-w64-mingw32/12.2.0/../../../../x86_64-w64-mingw32/include"
#include "..." search starts here:
#include <...> search starts here:
 /usr/lib64/gcc/x86_64-w64-mingw32/12.2.0/include/c++
 /usr/lib64/gcc/x86_64-w64-mingw32/12.2.0/include/c++/x86_64-w64-mingw32
 /usr/lib64/gcc/x86_64-w64-mingw32/12.2.0/include/c++/backward
 /usr/lib64/gcc/x86_64-w64-mingw32/12.2.0/include
 /usr/lib64/gcc/x86_64-w64-mingw32/12.2.0/include-fixed
 /usr/x86_64-w64-mingw32/sys-root/mingw/include
End of search list.
GNU C++17 (SUSE Linux) version 12.2.0 (x86_64-w64-mingw32)
	compiled by GNU C version 12.1.1 20220812 [revision 6b7d570a5001bb79e34c0d1626a8c7f55386dac7], GMP version 6.2.1, MPFR version 4.1.0-p7, MPC version 1.2.1, isl version none
GGC heuristics: --param ggc-min-expand=100 --param ggc-min-heapsize=131072
Compiler executable checksum: e49ca375ed488e4d899be21277b54473
COLLECT_GCC_OPTIONS='-v' '-o' 'CMakeFiles/cmTC_9eb76.dir/CMakeCXXCompilerABI.cpp.obj' '-c' '-shared-libgcc' '-mtune=generic' '-march=x86-64' '-dumpdir' 'CMakeFiles/cmTC_9eb76.dir/'
 /usr/lib64/gcc/x86_64-w64-mingw32/12.2.0/../../../../x86_64-w64-mingw32/bin/as -v -o CMakeFiles/cmTC_9eb76.dir/CMakeCXXCompilerABI.cpp.obj /tmp/ccQOLVt2.s
GNU assembler version 2.39 (x86_64-w64-mingw32) using BFD version (GNU Binutils) 2.39
COMPILER_PATH=/usr/lib64/gcc/x86_64-w64-mingw32/12.2.0/:/usr/lib64/gcc/x86_64-w64-mingw32/12.2.0/:/usr/lib64/gcc/x86_64-w64-mingw32/:/usr/lib64/gcc/x86_64-w64-mingw32/12.2.0/:/usr/lib64/gcc/x86_64-w64-mingw32/:/usr/lib64/gcc/x86_64-w64-mingw32/12.2.0/../../../../x86_64-w64-mingw32/bin/
LIBRARY_PATH=/usr/lib64/gcc/x86_64-w64-mingw32/12.2.0/:/usr/lib64/gcc/x86_64-w64-mingw32/12.2.0/../../../../x86_64-w64-mingw32/lib/../lib/:/usr/x86_64-w64-mingw32/sys-root/mingw/lib/../lib/:/usr/lib64/gcc/x86_64-w64-mingw32/12.2.0/../../../../x86_64-w64-mingw32/lib/:/usr/x86_64-w64-mingw32/sys-root/mingw/lib/
COLLECT_GCC_OPTIONS='-v' '-o' 'CMakeFiles/cmTC_9eb76.dir/CMakeCXXCompilerABI.cpp.obj' '-c' '-shared-libgcc' '-mtune=generic' '-march=x86-64' '-dumpdir' 'CMakeFiles/cmTC_9eb76.dir/CMakeCXXCompilerABI.cpp.'
[2/2] Linking CXX executable cmTC_9eb76.exe
Using built-in specs.
COLLECT_GCC=/usr/bin/x86_64-w64-mingw32-g++
COLLECT_LTO_WRAPPER=/usr/lib64/gcc/x86_64-w64-mingw32/12.2.0/lto-wrapper
Target: x86_64-w64-mingw32
Configured with: ../configure --prefix=/usr --bindir=/usr/bin --includedir=/usr/include --libdir=/usr/lib64 --libexecdir=/usr/lib64 --mandir=/usr/share/man --infodir=/usr/share/info --datadir=/usr/share --build=x86_64-suse-linux-gnu --host=x86_64-suse-linux-gnu --target=x86_64-w64-mingw32 --with-gnu-as --with-gnu-ld --verbose --without-newlib --disable-multilib --enable-shared --disable-plugin --with-system-zlib --disable-nls --without-included-gettext --disable-win32-registry --enable-threads=posix --enable-version-specific-runtime-libs --with-sysroot=/usr/x86_64-w64-mingw32/sys-root --enable-languages=c,c++,fortran,objc,obj-c++ --without-x --enable-hash-synchronization --enable-fully-dynamic-string --enable-libgomp --enable-linker-build-id --disable-vtable-verify --with-pkgversion='SUSE Linux'
Thread model: posix
Supported LTO compression algorithms: zlib
gcc version 12.2.0 (SUSE Linux) 
COMPILER_PATH=/usr/lib64/gcc/x86_64-w64-mingw32/12.2.0/:/usr/lib64/gcc/x86_64-w64-mingw32/12.2.0/:/usr/lib64/gcc/x86_64-w64-mingw32/:/usr/lib64/gcc/x86_64-w64-mingw32/12.2.0/:/usr/lib64/gcc/x86_64-w64-mingw32/:/usr/lib64/gcc/x86_64-w64-mingw32/12.2.0/../../../../x86_64-w64-mingw32/bin/
LIBRARY_PATH=/usr/lib64/gcc/x86_64-w64-mingw32/12.2.0/:/usr/lib64/gcc/x86_64-w64-mingw32/12.2.0/../../../../x86_64-w64-mingw32/lib/../lib/:/usr/x86_64-w64-mingw32/sys-root/mingw/lib/../lib/:/usr/lib64/gcc/x86_64-w64-mingw32/12.2.0/../../../../x86_64-w64-mingw32/lib/:/usr/x86_64-w64-mingw32/sys-root/mingw/lib/
COLLECT_GCC_OPTIONS='-v' '-o' 'cmTC_9eb76.exe' '-shared-libgcc' '-mtune=generic' '-march=x86-64' '-dumpdir' 'cmTC_9eb76.'
 /usr/lib64/gcc/x86_64-w64-mingw32/12.2.0/collect2 -plugin /usr/lib64/gcc/x86_64-w64-mingw32/12.2.0/liblto_plugin.so -plugin-opt=/usr/lib64/gcc/x86_64-w64-mingw32/12.2.0/lto-wrapper -plugin-opt=-fresolution=/tmp/ccvOmMPx.res -plugin-opt=-pass-through=-lmingw32 -plugin-opt=-pass-through=-lgcc_s -plugin-opt=-pass-through=-lgcc -plugin-opt=-pass-through=-lmoldname -plugin-opt=-pass-through=-lmingwex -plugin-opt=-pass-through=-lmsvcrt -plugin-opt=-pass-through=-lkernel32 -plugin-opt=-pass-through=-lpthread -plugin-opt=-pass-through=-ladvapi32 -plugin-opt=-pass-through=-lshell32 -plugin-opt=-pass-through=-luser32 -plugin-opt=-pass-through=-lkernel32 -plugin-opt=-pass-through=-lmingw32 -plugin-opt=-pass-through=-lgcc_s -plugin-opt=-pass-through=-lgcc -plugin-opt=-pass-through=-lmoldname -plugin-opt=-pass-through=-lmingwex -plugin-opt=-pass-through=-lmsvcrt -plugin-opt=-pass-through=-lkernel32 --sysroot=/usr/x86_64-w64-mingw32/sys-root --build-id -m i386pep -Bdynamic -o cmTC_9eb76.exe /usr/x86_64-w64-mingw32/sys-root/mingw/lib/../lib/crt2.o /usr/lib64/gcc/x86_64-w64-mingw32/12.2.0/crtbegin.o -L/usr/lib64/gcc/x86_64-w64-mingw32/12.2.0 -L/usr/lib64/gcc/x86_64-w64-mingw32/12.2.0/../../../../x86_64-w64-mingw32/lib/../lib -L/usr/x86_64-w64-mingw32/sys-root/mingw/lib/../lib -L/usr/lib64/gcc/x86_64-w64-mingw32/12.2.0/../../../../x86_64-w64-mingw32/lib -L/usr/x86_64-w64-mingw32/sys-root/mingw/lib CMakeFiles/cmTC_9eb76.dir/CMakeCXXCompilerABI.cpp.obj --out-implib libcmTC_9eb76.dll.a --major-image-version 0 --minor-image-version 0 -lstdc++ -lmingw32 -lgcc_s -lgcc -lmoldname -lmingwex -lmsvcrt -lkernel32 -lpthread -ladvapi32 -lshell32 -luser32 -lkernel32 -lmingw32 -lgcc_s -lgcc -lmoldname -lmingwex -lmsvcrt -lkernel32 /usr/lib64/gcc/x86_64-w64-mingw32/12.2.0/crtend.o
COLLECT_GCC_OPTIONS='-v' '-o' 'cmTC_9eb76.exe' '-shared-libgcc' '-mtune=generic' '-march=x86-64' '-dumpdir' 'cmTC_9eb76.'



Parsed CXX implicit include dir info from above output: rv=done
  found start of include info
  found start of implicit include info
    add: [/usr/lib64/gcc/x86_64-w64-mingw32/12.2.0/include/c++]
    add: [/usr/lib64/gcc/x86_64-w64-mingw32/12.2.0/include/c++/x86_64-w64-mingw32]
    add: [/usr/lib64/gcc/x86_64-w64-mingw32/12.2.0/include/c++/backward]
    add: [/usr/lib64/gcc/x86_64-w64-mingw32/12.2.0/include]
    add: [/usr/lib64/gcc/x86_64-w64-mingw32/12.2.0/include-fixed]
    add: [/usr/x86_64-w64-mingw32/sys-root/mingw/include]
  end of search list found
  collapse include dir [/usr/lib64/gcc/x86_64-w64-mingw32/12.2.0/include/c++] ==> [/usr/lib64/gcc/x86_64-w64-mingw32/12.2.0/include/c++]
  collapse include dir [/usr/lib64/gcc/x86_64-w64-mingw32/12.2.0/include/c++/x86_64-w64-mingw32] ==> [/usr/lib64/gcc/x86_64-w64-mingw32/12.2.0/include/c++/x86_64-w64-mingw32]
  collapse include dir [/usr/lib64/gcc/x86_64-w64-mingw32/12.2.0/include/c++/backward] ==> [/usr/lib64/gcc/x86_64-w64-mingw32/12.2.0/include/c++/backward]
  collapse include dir [/usr/lib64/gcc/x86_64-w64-mingw32/12.2.0/include] ==> [/usr/lib64/gcc/x86_64-w64-mingw32/12.2.0/include]
  collapse include dir [/usr/lib64/gcc/x86_64-w64-mingw32/12.2.0/include-fixed] ==> [/usr/lib64/gcc/x86_64-w64-mingw32/12.2.0/include-fixed]
  collapse include dir [/usr/x86_64-w64-mingw32/sys-root/mingw/include] ==> [/usr/x86_64-w64-mingw32/sys-root/mingw/include]
  implicit include dirs: [/usr/lib64/gcc/x86_64-w64-mingw32/12.2.0/include/c++;/usr/lib64/gcc/x86_64-w64-mingw32/12.2.0/include/c++/x86_64-w64-mingw32;/usr/lib64/gcc/x86_64-w64-mingw32/12.2.0/include/c++/backward;/usr/lib64/gcc/x86_64-w64-mingw32/12.2.0/include;/usr/lib64/gcc/x86_64-w64-mingw32/12.2.0/include-fixed;/usr/x86_64-w64-mingw32/sys-root/mingw/include]


Parsed CXX implicit link information from above output:
  link line regex: [^( *|.*[/\])(x86_64-w64-mingw32-ld|CMAKE_LINK_STARTFILE-NOTFOUND|([^/\]+-)?ld|collect2)[^/\]*( |$)]
  ignore line: [Change Dir: /home/dulu/opengl_ex/build/CMakeFiles/CMakeTmp]
  ignore line: []
  ignore line: [Run Build Command(s):/usr/bin/ninja cmTC_9eb76 && [1/2] Building CXX object CMakeFiles/cmTC_9eb76.dir/CMakeCXXCompilerABI.cpp.obj]
  ignore line: [Using built-in specs.]
  ignore line: [COLLECT_GCC=/usr/bin/x86_64-w64-mingw32-g++]
  ignore line: [Target: x86_64-w64-mingw32]
  ignore line: [Configured with: ../configure --prefix=/usr --bindir=/usr/bin --includedir=/usr/include --libdir=/usr/lib64 --libexecdir=/usr/lib64 --mandir=/usr/share/man --infodir=/usr/share/info --datadir=/usr/share --build=x86_64-suse-linux-gnu --host=x86_64-suse-linux-gnu --target=x86_64-w64-mingw32 --with-gnu-as --with-gnu-ld --verbose --without-newlib --disable-multilib --enable-shared --disable-plugin --with-system-zlib --disable-nls --without-included-gettext --disable-win32-registry --enable-threads=posix --enable-version-specific-runtime-libs --with-sysroot=/usr/x86_64-w64-mingw32/sys-root --enable-languages=c,c++,fortran,objc,obj-c++ --without-x --enable-hash-synchronization --enable-fully-dynamic-string --enable-libgomp --enable-linker-build-id --disable-vtable-verify --with-pkgversion='SUSE Linux']
  ignore line: [Thread model: posix]
  ignore line: [Supported LTO compression algorithms: zlib]
  ignore line: [gcc version 12.2.0 (SUSE Linux) ]
  ignore line: [COLLECT_GCC_OPTIONS='-v' '-o' 'CMakeFiles/cmTC_9eb76.dir/CMakeCXXCompilerABI.cpp.obj' '-c' '-shared-libgcc' '-mtune=generic' '-march=x86-64' '-dumpdir' 'CMakeFiles/cmTC_9eb76.dir/']
  ignore line: [ /usr/lib64/gcc/x86_64-w64-mingw32/12.2.0/cc1plus -quiet -v -D_REENTRANT /usr/share/cmake/Modules/CMakeCXXCompilerABI.cpp -quiet -dumpdir CMakeFiles/cmTC_9eb76.dir/ -dumpbase CMakeCXXCompilerABI.cpp.cpp -dumpbase-ext .cpp -mtune=generic -march=x86-64 -version -o /tmp/ccQOLVt2.s]
  ignore line: [GNU C++17 (SUSE Linux) version 12.2.0 (x86_64-w64-mingw32)]
  ignore line: [	compiled by GNU C version 12.1.1 20220812 [revision 6b7d570a5001bb79e34c0d1626a8c7f55386dac7]  GMP version 6.2.1  MPFR version 4.1.0-p7  MPC version 1.2.1  isl version none]
  ignore line: [GGC heuristics: --param ggc-min-expand=100 --param ggc-min-heapsize=131072]
  ignore line: [ignoring nonexistent directory "/usr/x86_64-w64-mingw32/sys-root/usr/local/include"]
  ignore line: [ignoring nonexistent directory "/usr/lib64/gcc/x86_64-w64-mingw32/12.2.0/../../../../x86_64-w64-mingw32/include"]
  ignore line: [#include "..." search starts here:]
  ignore line: [#include <...> search starts here:]
  ignore line: [ /usr/lib64/gcc/x86_64-w64-mingw32/12.2.0/include/c++]
  ignore line: [ /usr/lib64/gcc/x86_64-w64-mingw32/12.2.0/include/c++/x86_64-w64-mingw32]
  ignore line: [ /usr/lib64/gcc/x86_64-w64-mingw32/12.2.0/include/c++/backward]
  ignore line: [ /usr/lib64/gcc/x86_64-w64-mingw32/12.2.0/include]
  ignore line: [ /usr/lib64/gcc/x86_64-w64-mingw32/12.2.0/include-fixed]
  ignore line: [ /usr/x86_64-w64-mingw32/sys-root/mingw/include]
  ignore line: [End of search list.]
  ignore line: [GNU C++17 (SUSE Linux) version 12.2.0 (x86_64-w64-mingw32)]
  ignore line: [	compiled by GNU C version 12.1.1 20220812 [revision 6b7d570a5001bb79e34c0d1626a8c7f55386dac7]  GMP version 6.2.1  MPFR version 4.1.0-p7  MPC version 1.2.1  isl version none]
  ignore line: [GGC heuristics: --param ggc-min-expand=100 --param ggc-min-heapsize=131072]
  ignore line: [Compiler executable checksum: e49ca375ed488e4d899be21277b54473]
  ignore line: [COLLECT_GCC_OPTIONS='-v' '-o' 'CMakeFiles/cmTC_9eb76.dir/CMakeCXXCompilerABI.cpp.obj' '-c' '-shared-libgcc' '-mtune=generic' '-march=x86-64' '-dumpdir' 'CMakeFiles/cmTC_9eb76.dir/']
  ignore line: [ /usr/lib64/gcc/x86_64-w64-mingw32/12.2.0/../../../../x86_64-w64-mingw32/bin/as -v -o CMakeFiles/cmTC_9eb76.dir/CMakeCXXCompilerABI.cpp.obj /tmp/ccQOLVt2.s]
  ignore line: [GNU assembler version 2.39 (x86_64-w64-mingw32) using BFD version (GNU Binutils) 2.39]
  ignore line: [COMPILER_PATH=/usr/lib64/gcc/x86_64-w64-mingw32/12.2.0/:/usr/lib64/gcc/x86_64-w64-mingw32/12.2.0/:/usr/lib64/gcc/x86_64-w64-mingw32/:/usr/lib64/gcc/x86_64-w64-mingw32/12.2.0/:/usr/lib64/gcc/x86_64-w64-mingw32/:/usr/lib64/gcc/x86_64-w64-mingw32/12.2.0/../../../../x86_64-w64-mingw32/bin/]
  ignore line: [LIBRARY_PATH=/usr/lib64/gcc/x86_64-w64-mingw32/12.2.0/:/usr/lib64/gcc/x86_64-w64-mingw32/12.2.0/../../../../x86_64-w64-mingw32/lib/../lib/:/usr/x86_64-w64-mingw32/sys-root/mingw/lib/../lib/:/usr/lib64/gcc/x86_64-w64-mingw32/12.2.0/../../../../x86_64-w64-mingw32/lib/:/usr/x86_64-w64-mingw32/sys-root/mingw/lib/]
  ignore line: [COLLECT_GCC_OPTIONS='-v' '-o' 'CMakeFiles/cmTC_9eb76.dir/CMakeCXXCompilerABI.cpp.obj' '-c' '-shared-libgcc' '-mtune=generic' '-march=x86-64' '-dumpdir' 'CMakeFiles/cmTC_9eb76.dir/CMakeCXXCompilerABI.cpp.']
  ignore line: [[2/2] Linking CXX executable cmTC_9eb76.exe]
  ignore line: [Using built-in specs.]
  ignore line: [COLLECT_GCC=/usr/bin/x86_64-w64-mingw32-g++]
  ignore line: [COLLECT_LTO_WRAPPER=/usr/lib64/gcc/x86_64-w64-mingw32/12.2.0/lto-wrapper]
  ignore line: [Target: x86_64-w64-mingw32]
  ignore line: [Configured with: ../configure --prefix=/usr --bindir=/usr/bin --includedir=/usr/include --libdir=/usr/lib64 --libexecdir=/usr/lib64 --mandir=/usr/share/man --infodir=/usr/share/info --datadir=/usr/share --build=x86_64-suse-linux-gnu --host=x86_64-suse-linux-gnu --target=x86_64-w64-mingw32 --with-gnu-as --with-gnu-ld --verbose --without-newlib --disable-multilib --enable-shared --disable-plugin --with-system-zlib --disable-nls --without-included-gettext --disable-win32-registry --enable-threads=posix --enable-version-specific-runtime-libs --with-sysroot=/usr/x86_64-w64-mingw32/sys-root --enable-languages=c,c++,fortran,objc,obj-c++ --without-x --enable-hash-synchronization --enable-fully-dynamic-string --enable-libgomp --enable-linker-build-id --disable-vtable-verify --with-pkgversion='SUSE Linux']
  ignore line: [Thread model: posix]
  ignore line: [Supported LTO compression algorithms: zlib]
  ignore line: [gcc version 12.2.0 (SUSE Linux) ]
  ignore line: [COMPILER_PATH=/usr/lib64/gcc/x86_64-w64-mingw32/12.2.0/:/usr/lib64/gcc/x86_64-w64-mingw32/12.2.0/:/usr/lib64/gcc/x86_64-w64-mingw32/:/usr/lib64/gcc/x86_64-w64-mingw32/12.2.0/:/usr/lib64/gcc/x86_64-w64-mingw32/:/usr/lib64/gcc/x86_64-w64-mingw32/12.2.0/../../../../x86_64-w64-mingw32/bin/]
  ignore line: [LIBRARY_PATH=/usr/lib64/gcc/x86_64-w64-mingw32/12.2.0/:/usr/lib64/gcc/x86_64-w64-mingw32/12.2.0/../../../../x86_64-w64-mingw32/lib/../lib/:/usr/x86_64-w64-mingw32/sys-root/mingw/lib/../lib/:/usr/lib64/gcc/x86_64-w64-mingw32/12.2.0/../../../../x86_64-w64-mingw32/lib/:/usr/x86_64-w64-mingw32/sys-root/mingw/lib/]
  ignore line: [COLLECT_GCC_OPTIONS='-v' '-o' 'cmTC_9eb76.exe' '-shared-libgcc' '-mtune=generic' '-march=x86-64' '-dumpdir' 'cmTC_9eb76.']
  link line: [ /usr/lib64/gcc/x86_64-w64-mingw32/12.2.0/collect2 -plugin /usr/lib64/gcc/x86_64-w64-mingw32/12.2.0/liblto_plugin.so -plugin-opt=/usr/lib64/gcc/x86_64-w64-mingw32/12.2.0/lto-wrapper -plugin-opt=-fresolution=/tmp/ccvOmMPx.res -plugin-opt=-pass-through=-lmingw32 -plugin-opt=-pass-through=-lgcc_s -plugin-opt=-pass-through=-lgcc -plugin-opt=-pass-through=-lmoldname -plugin-opt=-pass-through=-lmingwex -plugin-opt=-pass-through=-lmsvcrt -plugin-opt=-pass-through=-lkernel32 -plugin-opt=-pass-through=-lpthread -plugin-opt=-pass-through=-ladvapi32 -plugin-opt=-pass-through=-lshell32 -plugin-opt=-pass-through=-luser32 -plugin-opt=-pass-through=-lkernel32 -plugin-opt=-pass-through=-lmingw32 -plugin-opt=-pass-through=-lgcc_s -plugin-opt=-pass-through=-lgcc -plugin-opt=-pass-through=-lmoldname -plugin-opt=-pass-through=-lmingwex -plugin-opt=-pass-through=-lmsvcrt -plugin-opt=-pass-through=-lkernel32 --sysroot=/usr/x86_64-w64-mingw32/sys-root --build-id -m i386pep -Bdynamic -o cmTC_9eb76.exe /usr/x86_64-w64-mingw32/sys-root/mingw/lib/../lib/crt2.o /usr/lib64/gcc/x86_64-w64-mingw32/12.2.0/crtbegin.o -L/usr/lib64/gcc/x86_64-w64-mingw32/12.2.0 -L/usr/lib64/gcc/x86_64-w64-mingw32/12.2.0/../../../../x86_64-w64-mingw32/lib/../lib -L/usr/x86_64-w64-mingw32/sys-root/mingw/lib/../lib -L/usr/lib64/gcc/x86_64-w64-mingw32/12.2.0/../../../../x86_64-w64-mingw32/lib -L/usr/x86_64-w64-mingw32/sys-root/mingw/lib CMakeFiles/cmTC_9eb76.dir/CMakeCXXCompilerABI.cpp.obj --out-implib libcmTC_9eb76.dll.a --major-image-version 0 --minor-image-version 0 -lstdc++ -lmingw32 -lgcc_s -lgcc -lmoldname -lmingwex -lmsvcrt -lkernel32 -lpthread -ladvapi32 -lshell32 -luser32 -lkernel32 -lmingw32 -lgcc_s -lgcc -lmoldname -lmingwex -lmsvcrt -lkernel32 /usr/lib64/gcc/x86_64-w64-mingw32/12.2.0/crtend.o]
    arg [/usr/lib64/gcc/x86_64-w64-mingw32/12.2.0/collect2] ==> ignore
    arg [-plugin] ==> ignore
    arg [/usr/lib64/gcc/x86_64-w64-mingw32/12.2.0/liblto_plugin.so] ==> ignore
    arg [-plugin-opt=/usr/lib64/gcc/x86_64-w64-mingw32/12.2.0/lto-wrapper] ==> ignore
    arg [-plugin-opt=-fresolution=/tmp/ccvOmMPx.res] ==> ignore
    arg [-plugin-opt=-pass-through=-lmingw32] ==> ignore
    arg [-plugin-opt=-pass-through=-lgcc_s] ==> ignore
    arg [-plugin-opt=-pass-through=-lgcc] ==> ignore
    arg [-plugin-opt=-pass-through=-lmoldname] ==> ignore
    arg [-plugin-opt=-pass-through=-lmingwex] ==> ignore
    arg [-plugin-opt=-pass-through=-lmsvcrt] ==> ignore
    arg [-plugin-opt=-pass-through=-lkernel32] ==> ignore
    arg [-plugin-opt=-pass-through=-lpthread] ==> ignore
    arg [-plugin-opt=-pass-through=-ladvapi32] ==> ignore
    arg [-plugin-opt=-pass-through=-lshell32] ==> ignore
    arg [-plugin-opt=-pass-through=-luser32] ==> ignore
    arg [-plugin-opt=-pass-through=-lkernel32] ==> ignore
    arg [-plugin-opt=-pass-through=-lmingw32] ==> ignore
    arg [-plugin-opt=-pass-through=-lgcc_s] ==> ignore
    arg [-plugin-opt=-pass-through=-lgcc] ==> ignore
    arg [-plugin-opt=-pass-through=-lmoldname] ==> ignore
    arg [-plugin-opt=-pass-through=-lmingwex] ==> ignore
    arg [-plugin-opt=-pass-through=-lmsvcrt] ==> ignore
    arg [-plugin-opt=-pass-through=-lkernel32] ==> ignore
    arg [--sysroot=/usr/x86_64-w64-mingw32/sys-root] ==> ignore
    arg [--build-id] ==> ignore
    arg [-m] ==> ignore
    arg [i386pep] ==> ignore
    arg [-Bdynamic] ==> search dynamic
    arg [-o] ==> ignore
    arg [cmTC_9eb76.exe] ==> ignore
    arg [/usr/x86_64-w64-mingw32/sys-root/mingw/lib/../lib/crt2.o] ==> obj [/usr/x86_64-w64-mingw32/sys-root/mingw/lib/../lib/crt2.o]
    arg [/usr/lib64/gcc/x86_64-w64-mingw32/12.2.0/crtbegin.o] ==> obj [/usr/lib64/gcc/x86_64-w64-mingw32/12.2.0/crtbegin.o]
    arg [-L/usr/lib64/gcc/x86_64-w64-mingw32/12.2.0] ==> dir [/usr/lib64/gcc/x86_64-w64-mingw32/12.2.0]
    arg [-L/usr/lib64/gcc/x86_64-w64-mingw32/12.2.0/../../../../x86_64-w64-mingw32/lib/../lib] ==> dir [/usr/lib64/gcc/x86_64-w64-mingw32/12.2.0/../../../../x86_64-w64-mingw32/lib/../lib]
    arg [-L/usr/x86_64-w64-mingw32/sys-root/mingw/lib/../lib] ==> dir [/usr/x86_64-w64-mingw32/sys-root/mingw/lib/../lib]
    arg [-L/usr/lib64/gcc/x86_64-w64-mingw32/12.2.0/../../../../x86_64-w64-mingw32/lib] ==> dir [/usr/lib64/gcc/x86_64-w64-mingw32/12.2.0/../../../../x86_64-w64-mingw32/lib]
    arg [-L/usr/x86_64-w64-mingw32/sys-root/mingw/lib] ==> dir [/usr/x86_64-w64-mingw32/sys-root/mingw/lib]
    arg [CMakeFiles/cmTC_9eb76.dir/CMakeCXXCompilerABI.cpp.obj] ==> ignore
    arg [--out-implib] ==> ignore
    arg [libcmTC_9eb76.dll.a] ==> ignore
    arg [--major-image-version] ==> ignore
    arg [0] ==> ignore
    arg [--minor-image-version] ==> ignore
    arg [0] ==> ignore
    arg [-lstdc++] ==> lib [stdc++]
    arg [-lmingw32] ==> lib [mingw32]
    arg [-lgcc_s] ==> lib [gcc_s]
    arg [-lgcc] ==> lib [gcc]
    arg [-lmoldname] ==> lib [moldname]
    arg [-lmingwex] ==> lib [mingwex]
    arg [-lmsvcrt] ==> lib [msvcrt]
    arg [-lkernel32] ==> lib [kernel32]
    arg [-lpthread] ==> lib [pthread]
    arg [-ladvapi32] ==> lib [advapi32]
    arg [-lshell32] ==> lib [shell32]
    arg [-luser32] ==> lib [user32]
    arg [-lkernel32] ==> lib [kernel32]
    arg [-lmingw32] ==> lib [mingw32]
    arg [-lgcc_s] ==> lib [gcc_s]
    arg [-lgcc] ==> lib [gcc]
    arg [-lmoldname] ==> lib [moldname]
    arg [-lmingwex] ==> lib [mingwex]
    arg [-lmsvcrt] ==> lib [msvcrt]
    arg [-lkernel32] ==> lib [kernel32]
    arg [/usr/lib64/gcc/x86_64-w64-mingw32/12.2.0/crtend.o] ==> obj [/usr/lib64/gcc/x86_64-w64-mingw32/12.2.0/crtend.o]
  remove lib [msvcrt]
  remove lib [msvcrt]
  collapse obj [/usr/x86_64-w64-mingw32/sys-root/mingw/lib/../lib/crt2.o] ==> [/usr/x86_64-w64-mingw32/sys-root/mingw/lib/crt2.o]
  collapse library dir [/usr/lib64/gcc/x86_64-w64-mingw32/12.2.0] ==> [/usr/lib64/gcc/x86_64-w64-mingw32/12.2.0]
  collapse library dir [/usr/lib64/gcc/x86_64-w64-mingw32/12.2.0/../../../../x86_64-w64-mingw32/lib/../lib] ==> [/usr/x86_64-w64-mingw32/lib]
  collapse library dir [/usr/x86_64-w64-mingw32/sys-root/mingw/lib/../lib] ==> [/usr/x86_64-w64-mingw32/sys-root/mingw/lib]
  collapse library dir [/usr/lib64/gcc/x86_64-w64-mingw32/12.2.0/../../../../x86_64-w64-mingw32/lib] ==> [/usr/x86_64-w64-mingw32/lib]
  collapse library dir [/usr/x86_64-w64-mingw32/sys-root/mingw/lib] ==> [/usr/x86_64-w64-mingw32/sys-root/mingw/lib]
  implicit libs: [stdc++;mingw32;gcc_s;gcc;moldname;mingwex;kernel32;pthread;advapi32;shell32;user32;kernel32;mingw32;gcc_s;gcc;moldname;mingwex;kernel32]
  implicit objs: [/usr/x86_64-w64-mingw32/sys-root/mingw/lib/crt2.o;/usr/lib64/gcc/x86_64-w64-mingw32/12.2.0/crtbegin.o;/usr/lib64/gcc/x86_64-w64-mingw32/12.2.0/crtend.o]
  implicit dirs: [/usr/lib64/gcc/x86_64-w64-mingw32/12.2.0;/usr/x86_64-w64-mingw32/lib;/usr/x86_64-w64-mingw32/sys-root/mingw/lib]
  implicit fwks: []


Performing C++ SOURCE FILE Test CMAKE_HAVE_LIBC_PTHREAD succeeded with the following output:
Change Dir: /home/dulu/opengl_ex/build/CMakeFiles/CMakeTmp

Run Build Command(s):/usr/bin/ninja cmTC_fe79f && [1/2] Building CXX object CMakeFiles/cmTC_fe79f.dir/src.cxx.obj
[2/2] Linking CXX executable cmTC_fe79f.exe


Source file was:
#include <pthread.h>

static void* test_func(void* data)
{
  return data;
}

int main(void)
{
  pthread_t thread;
  pthread_create(&thread, NULL, test_func, NULL);
  pthread_detach(thread);
  pthread_cancel(thread);
  pthread_join(thread, NULL);
  pthread_atfork(NULL, NULL, NULL);
  pthread_exit(NULL);

  return 0;
}

Compiling the C compiler identification source file "CMakeCCompilerId.c" succeeded.
Compiler: /usr/bin/x86_64-w64-mingw32-gcc 
Build flags: 
Id flags:  

The output was:
0


Compilation of the C compiler identification source "CMakeCCompilerId.c" produced "a.exe"

The C compiler identification is GNU, found in "/home/dulu/opengl_ex/build/CMakeFiles/3.24.2/CompilerIdC/a.exe"

Detecting C compiler ABI info compiled with the following output:
Change Dir: /home/dulu/opengl_ex/build/CMakeFiles/CMakeTmp

Run Build Command(s):/usr/bin/ninja cmTC_b2731 && [1/2] Building C object CMakeFiles/cmTC_b2731.dir/CMakeCCompilerABI.c.obj
Using built-in specs.
COLLECT_GCC=/usr/bin/x86_64-w64-mingw32-gcc
Target: x86_64-w64-mingw32
Configured with: ../configure --prefix=/usr --bindir=/usr/bin --includedir=/usr/include --libdir=/usr/lib64 --libexecdir=/usr/lib64 --mandir=/usr/share/man --infodir=/usr/share/info --datadir=/usr/share --build=x86_64-suse-linux-gnu --host=x86_64-suse-linux-gnu --target=x86_64-w64-mingw32 --with-gnu-as --with-gnu-ld --verbose --without-newlib --disable-multilib --enable-shared --disable-plugin --with-system-zlib --disable-nls --without-included-gettext --disable-win32-registry --enable-threads=posix --enable-version-specific-runtime-libs --with-sysroot=/usr/x86_64-w64-mingw32/sys-root --enable-languages=c,c++,fortran,objc,obj-c++ --without-x --enable-hash-synchronization --enable-fully-dynamic-string --enable-libgomp --enable-linker-build-id --disable-vtable-verify --with-pkgversion='SUSE Linux'
Thread model: posix
Supported LTO compression algorithms: zlib
gcc version 12.2.0 (SUSE Linux) 
COLLECT_GCC_OPTIONS='-v' '-o' 'CMakeFiles/cmTC_b2731.dir/CMakeCCompilerABI.c.obj' '-c' '-mtune=generic' '-march=x86-64' '-dumpdir' 'CMakeFiles/cmTC_b2731.dir/'
 /usr/lib64/gcc/x86_64-w64-mingw32/12.2.0/cc1 -quiet -v -D_REENTRANT /usr/share/cmake/Modules/CMakeCCompilerABI.c -quiet -dumpdir CMakeFiles/cmTC_b2731.dir/ -dumpbase CMakeCCompilerABI.c.c -dumpbase-ext .c -mtune=generic -march=x86-64 -version -o /tmp/ccTff6Ao.s
GNU C17 (SUSE Linux) version 12.2.0 (x86_64-w64-mingw32)
	compiled by GNU C version 12.1.1 20220812 [revision 6b7d570a5001bb79e34c0d1626a8c7f55386dac7], GMP version 6.2.1, MPFR version 4.1.0-p7, MPC version 1.2.1, isl version none
GGC heuristics: --param ggc-min-expand=100 --param ggc-min-heapsize=131072
ignoring nonexistent directory "/usr/x86_64-w64-mingw32/sys-root/usr/local/include"
ignoring nonexistent directory "/usr/lib64/gcc/x86_64-w64-mingw32/12.2.0/../../../../x86_64-w64-mingw32/include"
#include "..." search starts here:
#include <...> search starts here:
 /usr/lib64/gcc/x86_64-w64-mingw32/12.2.0/include
 /usr/lib64/gcc/x86_64-w64-mingw32/12.2.0/include-fixed
 /usr/x86_64-w64-mingw32/sys-root/mingw/include
End of search list.
GNU C17 (SUSE Linux) version 12.2.0 (x86_64-w64-mingw32)
	compiled by GNU C version 12.1.1 20220812 [revision 6b7d570a5001bb79e34c0d1626a8c7f55386dac7], GMP version 6.2.1, MPFR version 4.1.0-p7, MPC version 1.2.1, isl version none
GGC heuristics: --param ggc-min-expand=100 --param ggc-min-heapsize=131072
Compiler executable checksum: 908a7360d9e6644cef696194f5027fc6
COLLECT_GCC_OPTIONS='-v' '-o' 'CMakeFiles/cmTC_b2731.dir/CMakeCCompilerABI.c.obj' '-c' '-mtune=generic' '-march=x86-64' '-dumpdir' 'CMakeFiles/cmTC_b2731.dir/'
 /usr/lib64/gcc/x86_64-w64-mingw32/12.2.0/../../../../x86_64-w64-mingw32/bin/as -v -o CMakeFiles/cmTC_b2731.dir/CMakeCCompilerABI.c.obj /tmp/ccTff6Ao.s
GNU assembler version 2.39 (x86_64-w64-mingw32) using BFD version (GNU Binutils) 2.39
COMPILER_PATH=/usr/lib64/gcc/x86_64-w64-mingw32/12.2.0/:/usr/lib64/gcc/x86_64-w64-mingw32/12.2.0/:/usr/lib64/gcc/x86_64-w64-mingw32/:/usr/lib64/gcc/x86_64-w64-mingw32/12.2.0/:/usr/lib64/gcc/x86_64-w64-mingw32/:/usr/lib64/gcc/x86_64-w64-mingw32/12.2.0/../../../../x86_64-w64-mingw32/bin/
LIBRARY_PATH=/usr/lib64/gcc/x86_64-w64-mingw32/12.2.0/:/usr/lib64/gcc/x86_64-w64-mingw32/12.2.0/../../../../x86_64-w64-mingw32/lib/../lib/:/usr/x86_64-w64-mingw32/sys-root/mingw/lib/../lib/:/usr/lib64/gcc/x86_64-w64-mingw32/12.2.0/../../../../x86_64-w64-mingw32/lib/:/usr/x86_64-w64-mingw32/sys-root/mingw/lib/
COLLECT_GCC_OPTIONS='-v' '-o' 'CMakeFiles/cmTC_b2731.dir/CMakeCCompilerABI.c.obj' '-c' '-mtune=generic' '-march=x86-64' '-dumpdir' 'CMakeFiles/cmTC_b2731.dir/CMakeCCompilerABI.c.'
[2/2] Linking C executable cmTC_b2731.exe
Using built-in specs.
COLLECT_GCC=/usr/bin/x86_64-w64-mingw32-gcc
COLLECT_LTO_WRAPPER=/usr/lib64/gcc/x86_64-w64-mingw32/12.2.0/lto-wrapper
Target: x86_64-w64-mingw32
Configured with: ../configure --prefix=/usr --bindir=/usr/bin --includedir=/usr/include --libdir=/usr/lib64 --libexecdir=/usr/lib64 --mandir=/usr/share/man --infodir=/usr/share/info --datadir=/usr/share --build=x86_64-suse-linux-gnu --host=x86_64-suse-linux-gnu --target=x86_64-w64-mingw32 --with-gnu-as --with-gnu-ld --verbose --without-newlib --disable-multilib --enable-shared --disable-plugin --with-system-zlib --disable-nls --without-included-gettext --disable-win32-registry --enable-threads=posix --enable-version-specific-runtime-libs --with-sysroot=/usr/x86_64-w64-mingw32/sys-root --enable-languages=c,c++,fortran,objc,obj-c++ --without-x --enable-hash-synchronization --enable-fully-dynamic-string --enable-libgomp --enable-linker-build-id --disable-vtable-verify --with-pkgversion='SUSE Linux'
Thread model: posix
Supported LTO compression algorithms: zlib
gcc version 12.2.0 (SUSE Linux) 
COMPILER_PATH=/usr/lib64/gcc/x86_64-w64-mingw32/12.2.0/:/usr/lib64/gcc/x86_64-w64-mingw32/12.2.0/:/usr/lib64/gcc/x86_64-w64-mingw32/:/usr/lib64/gcc/x86_64-w64-mingw32/12.2.0/:/usr/lib64/gcc/x86_64-w64-mingw32/:/usr/lib64/gcc/x86_64-w64-mingw32/12.2.0/../../../../x86_64-w64-mingw32/bin/
LIBRARY_PATH=/usr/lib64/gcc/x86_64-w64-mingw32/12.2.0/:/usr/lib64/gcc/x86_64-w64-mingw32/12.2.0/../../../../x86_64-w64-mingw32/lib/../lib/:/usr/x86_64-w64-mingw32/sys-root/mingw/lib/../lib/:/usr/lib64/gcc/x86_64-w64-mingw32/12.2.0/../../../../x86_64-w64-mingw32/lib/:/usr/x86_64-w64-mingw32/sys-root/mingw/lib/
COLLECT_GCC_OPTIONS='-v' '-o' 'cmTC_b2731.exe' '-mtune=generic' '-march=x86-64' '-dumpdir' 'cmTC_b2731.'
 /usr/lib64/gcc/x86_64-w64-mingw32/12.2.0/collect2 -plugin /usr/lib64/gcc/x86_64-w64-mingw32/12.2.0/liblto_plugin.so -plugin-opt=/usr/lib64/gcc/x86_64-w64-mingw32/12.2.0/lto-wrapper -plugin-opt=-fresolution=/tmp/ccwWH6sS.res -plugin-opt=-pass-through=-lmingw32 -plugin-opt=-pass-through=-lgcc -plugin-opt=-pass-through=-lgcc_eh -plugin-opt=-pass-through=-lmoldname -plugin-opt=-pass-through=-lmingwex -plugin-opt=-pass-through=-lmsvcrt -plugin-opt=-pass-through=-lkernel32 -plugin-opt=-pass-through=-lpthread -plugin-opt=-pass-through=-ladvapi32 -plugin-opt=-pass-through=-lshell32 -plugin-opt=-pass-through=-luser32 -plugin-opt=-pass-through=-lkernel32 -plugin-opt=-pass-through=-lmingw32 -plugin-opt=-pass-through=-lgcc -plugin-opt=-pass-through=-lgcc_eh -plugin-opt=-pass-through=-lmoldname -plugin-opt=-pass-through=-lmingwex -plugin-opt=-pass-through=-lmsvcrt -plugin-opt=-pass-through=-lkernel32 --sysroot=/usr/x86_64-w64-mingw32/sys-root --build-id -m i386pep -Bdynamic -o cmTC_b2731.exe /usr/x86_64-w64-mingw32/sys-root/mingw/lib/../lib/crt2.o /usr/lib64/gcc/x86_64-w64-mingw32/12.2.0/crtbegin.o -L/usr/lib64/gcc/x86_64-w64-mingw32/12.2.0 -L/usr/lib64/gcc/x86_64-w64-mingw32/12.2.0/../../../../x86_64-w64-mingw32/lib/../lib -L/usr/x86_64-w64-mingw32/sys-root/mingw/lib/../lib -L/usr/lib64/gcc/x86_64-w64-mingw32/12.2.0/../../../../x86_64-w64-mingw32/lib -L/usr/x86_64-w64-mingw32/sys-root/mingw/lib CMakeFiles/cmTC_b2731.dir/CMakeCCompilerABI.c.obj --out-implib libcmTC_b2731.dll.a --major-image-version 0 --minor-image-version 0 -lmingw32 -lgcc -lgcc_eh -lmoldname -lmingwex -lmsvcrt -lkernel32 -lpthread -ladvapi32 -lshell32 -luser32 -lkernel32 -lmingw32 -lgcc -lgcc_eh -lmoldname -lmingwex -lmsvcrt -lkernel32 /usr/lib64/gcc/x86_64-w64-mingw32/12.2.0/crtend.o
COLLECT_GCC_OPTIONS='-v' '-o' 'cmTC_b2731.exe' '-mtune=generic' '-march=x86-64' '-dumpdir' 'cmTC_b2731.'



Parsed C implicit include dir info from above output: rv=done
  found start of include info
  found start of implicit include info
    add: [/usr/lib64/gcc/x86_64-w64-mingw32/12.2.0/include]
    add: [/usr/lib64/gcc/x86_64-w64-mingw32/12.2.0/include-fixed]
    add: [/usr/x86_64-w64-mingw32/sys-root/mingw/include]
  end of search list found
  collapse include dir [/usr/lib64/gcc/x86_64-w64-mingw32/12.2.0/include] ==> [/usr/lib64/gcc/x86_64-w64-mingw32/12.2.0/include]
  collapse include dir [/usr/lib64/gcc/x86_64-w64-mingw32/12.2.0/include-fixed] ==> [/usr/lib64/gcc/x86_64-w64-mingw32/12.2.0/include-fixed]
  collapse include dir [/usr/x86_64-w64-mingw32/sys-root/mingw/include] ==> [/usr/x86_64-w64-mingw32/sys-root/mingw/include]
  implicit include dirs: [/usr/lib64/gcc/x86_64-w64-mingw32/12.2.0/include;/usr/lib64/gcc/x86_64-w64-mingw32/12.2.0/include-fixed;/usr/x86_64-w64-mingw32/sys-root/mingw/include]


Parsed C implicit link information from above output:
  link line regex: [^( *|.*[/\])(x86_64-w64-mingw32-ld|CMAKE_LINK_STARTFILE-NOTFOUND|([^/\]+-)?ld|collect2)[^/\]*( |$)]
  ignore line: [Change Dir: /home/dulu/opengl_ex/build/CMakeFiles/CMakeTmp]
  ignore line: []
  ignore line: [Run Build Command(s):/usr/bin/ninja cmTC_b2731 && [1/2] Building C object CMakeFiles/cmTC_b2731.dir/CMakeCCompilerABI.c.obj]
  ignore line: [Using built-in specs.]
  ignore line: [COLLECT_GCC=/usr/bin/x86_64-w64-mingw32-gcc]
  ignore line: [Target: x86_64-w64-mingw32]
  ignore line: [Configured with: ../configure --prefix=/usr --bindir=/usr/bin --includedir=/usr/include --libdir=/usr/lib64 --libexecdir=/usr/lib64 --mandir=/usr/share/man --infodir=/usr/share/info --datadir=/usr/share --build=x86_64-suse-linux-gnu --host=x86_64-suse-linux-gnu --target=x86_64-w64-mingw32 --with-gnu-as --with-gnu-ld --verbose --without-newlib --disable-multilib --enable-shared --disable-plugin --with-system-zlib --disable-nls --without-included-gettext --disable-win32-registry --enable-threads=posix --enable-version-specific-runtime-libs --with-sysroot=/usr/x86_64-w64-mingw32/sys-root --enable-languages=c,c++,fortran,objc,obj-c++ --without-x --enable-hash-synchronization --enable-fully-dynamic-string --enable-libgomp --enable-linker-build-id --disable-vtable-verify --with-pkgversion='SUSE Linux']
  ignore line: [Thread model: posix]
  ignore line: [Supported LTO compression algorithms: zlib]
  ignore line: [gcc version 12.2.0 (SUSE Linux) ]
  ignore line: [COLLECT_GCC_OPTIONS='-v' '-o' 'CMakeFiles/cmTC_b2731.dir/CMakeCCompilerABI.c.obj' '-c' '-mtune=generic' '-march=x86-64' '-dumpdir' 'CMakeFiles/cmTC_b2731.dir/']
  ignore line: [ /usr/lib64/gcc/x86_64-w64-mingw32/12.2.0/cc1 -quiet -v -D_REENTRANT /usr/share/cmake/Modules/CMakeCCompilerABI.c -quiet -dumpdir CMakeFiles/cmTC_b2731.dir/ -dumpbase CMakeCCompilerABI.c.c -dumpbase-ext .c -mtune=generic -march=x86-64 -version -o /tmp/ccTff6Ao.s]
  ignore line: [GNU C17 (SUSE Linux) version 12.2.0 (x86_64-w64-mingw32)]
  ignore line: [	compiled by GNU C version 12.1.1 20220812 [revision 6b7d570a5001bb79e34c0d1626a8c7f55386dac7]  GMP version 6.2.1  MPFR version 4.1.0-p7  MPC version 1.2.1  isl version none]
  ignore line: [GGC heuristics: --param ggc-min-expand=100 --param ggc-min-heapsize=131072]
  ignore line: [ignoring nonexistent directory "/usr/x86_64-w64-mingw32/sys-root/usr/local/include"]
  ignore line: [ignoring nonexistent directory "/usr/lib64/gcc/x86_64-w64-mingw32/12.2.0/../../../../x86_64-w64-mingw32/include"]
  ignore line: [#include "..." search starts here:]
  ignore line: [#include <...> search starts here:]
  ignore line: [ /usr/lib64/gcc/x86_64-w64-mingw32/12.2.0/include]
  ignore line: [ /usr/lib64/gcc/x86_64-w64-mingw32/12.2.0/include-fixed]
  ignore line: [ /usr/x86_64-w64-mingw32/sys-root/mingw/include]
  ignore line: [End of search list.]
  ignore line: [GNU C17 (SUSE Linux) version 12.2.0 (x86_64-w64-mingw32)]
  ignore line: [	compiled by GNU C version 12.1.1 20220812 [revision 6b7d570a5001bb79e34c0d1626a8c7f55386dac7]  GMP version 6.2.1  MPFR version 4.1.0-p7  MPC version 1.2.1  isl version none]
  ignore line: [GGC heuristics: --param ggc-min-expand=100 --param ggc-min-heapsize=131072]
  ignore line: [Compiler executable checksum: 908a7360d9e6644cef696194f5027fc6]
  ignore line: [COLLECT_GCC_OPTIONS='-v' '-o' 'CMakeFiles/cmTC_b2731.dir/CMakeCCompilerABI.c.obj' '-c' '-mtune=generic' '-march=x86-64' '-dumpdir' 'CMakeFiles/cmTC_b2731.dir/']
  ignore line: [ /usr/lib64/gcc/x86_64-w64-mingw32/12.2.0/../../../../x86_64-w64-mingw32/bin/as -v -o CMakeFiles/cmTC_b2731.dir/CMakeCCompilerABI.c.obj /tmp/ccTff6Ao.s]
  ignore line: [GNU assembler version 2.39 (x86_64-w64-mingw32) using BFD version (GNU Binutils) 2.39]
  ignore line: [COMPILER_PATH=/usr/lib64/gcc/x86_64-w64-mingw32/12.2.0/:/usr/lib64/gcc/x86_64-w64-mingw32/12.2.0/:/usr/lib64/gcc/x86_64-w64-mingw32/:/usr/lib64/gcc/x86_64-w64-mingw32/12.2.0/:/usr/lib64/gcc/x86_64-w64-mingw32/:/usr/lib64/gcc/x86_64-w64-mingw32/12.2.0/../../../../x86_64-w64-mingw32/bin/]
  ignore line: [LIBRARY_PATH=/usr/lib64/gcc/x86_64-w64-mingw32/12.2.0/:/usr/lib64/gcc/x86_64-w64-mingw32/12.2.0/../../../../x86_64-w64-mingw32/lib/../lib/:/usr/x86_64-w64-mingw32/sys-root/mingw/lib/../lib/:/usr/lib64/gcc/x86_64-w64-mingw32/12.2.0/../../../../x86_64-w64-mingw32/lib/:/usr/x86_64-w64-mingw32/sys-root/mingw/lib/]
  ignore line: [COLLECT_GCC_OPTIONS='-v' '-o' 'CMakeFiles/cmTC_b2731.dir/CMakeCCompilerABI.c.obj' '-c' '-mtune=generic' '-march=x86-64' '-dumpdir' 'CMakeFiles/cmTC_b2731.dir/CMakeCCompilerABI.c.']
  ignore line: [[2/2] Linking C executable cmTC_b2731.exe]
  ignore line: [Using built-in specs.]
  ignore line: [COLLECT_GCC=/usr/bin/x86_64-w64-mingw32-gcc]
  ignore line: [COLLECT_LTO_WRAPPER=/usr/lib64/gcc/x86_64-w64-mingw32/12.2.0/lto-wrapper]
  ignore line: [Target: x86_64-w64-mingw32]
  ignore line: [Configured with: ../configure --prefix=/usr --bindir=/usr/bin --includedir=/usr/include --libdir=/usr/lib64 --libexecdir=/usr/lib64 --mandir=/usr/share/man --infodir=/usr/share/info --datadir=/usr/share --build=x86_64-suse-linux-gnu --host=x86_64-suse-linux-gnu --target=x86_64-w64-mingw32 --with-gnu-as --with-gnu-ld --verbose --without-newlib --disable-multilib --enable-shared --disable-plugin --with-system-zlib --disable-nls --without-included-gettext --disable-win32-registry --enable-threads=posix --enable-version-specific-runtime-libs --with-sysroot=/usr/x86_64-w64-mingw32/sys-root --enable-languages=c,c++,fortran,objc,obj-c++ --without-x --enable-hash-synchronization --enable-fully-dynamic-string --enable-libgomp --enable-linker-build-id --disable-vtable-verify --with-pkgversion='SUSE Linux']
  ignore line: [Thread model: posix]
  ignore line: [Supported LTO compression algorithms: zlib]
  ignore line: [gcc version 12.2.0 (SUSE Linux) ]
  ignore line: [COMPILER_PATH=/usr/lib64/gcc/x86_64-w64-mingw32/12.2.0/:/usr/lib64/gcc/x86_64-w64-mingw32/12.2.0/:/usr/lib64/gcc/x86_64-w64-mingw32/:/usr/lib64/gcc/x86_64-w64-mingw32/12.2.0/:/usr/lib64/gcc/x86_64-w64-mingw32/:/usr/lib64/gcc/x86_64-w64-mingw32/12.2.0/../../../../x86_64-w64-mingw32/bin/]
  ignore line: [LIBRARY_PATH=/usr/lib64/gcc/x86_64-w64-mingw32/12.2.0/:/usr/lib64/gcc/x86_64-w64-mingw32/12.2.0/../../../../x86_64-w64-mingw32/lib/../lib/:/usr/x86_64-w64-mingw32/sys-root/mingw/lib/../lib/:/usr/lib64/gcc/x86_64-w64-mingw32/12.2.0/../../../../x86_64-w64-mingw32/lib/:/usr/x86_64-w64-mingw32/sys-root/mingw/lib/]
  ignore line: [COLLECT_GCC_OPTIONS='-v' '-o' 'cmTC_b2731.exe' '-mtune=generic' '-march=x86-64' '-dumpdir' 'cmTC_b2731.']
  link line: [ /usr/lib64/gcc/x86_64-w64-mingw32/12.2.0/collect2 -plugin /usr/lib64/gcc/x86_64-w64-mingw32/12.2.0/liblto_plugin.so -plugin-opt=/usr/lib64/gcc/x86_64-w64-mingw32/12.2.0/lto-wrapper -plugin-opt=-fresolution=/tmp/ccwWH6sS.res -plugin-opt=-pass-through=-lmingw32 -plugin-opt=-pass-through=-lgcc -plugin-opt=-pass-through=-lgcc_eh -plugin-opt=-pass-through=-lmoldname -plugin-opt=-pass-through=-lmingwex -plugin-opt=-pass-through=-lmsvcrt -plugin-opt=-pass-through=-lkernel32 -plugin-opt=-pass-through=-lpthread -plugin-opt=-pass-through=-ladvapi32 -plugin-opt=-pass-through=-lshell32 -plugin-opt=-pass-through=-luser32 -plugin-opt=-pass-through=-lkernel32 -plugin-opt=-pass-through=-lmingw32 -plugin-opt=-pass-through=-lgcc -plugin-opt=-pass-through=-lgcc_eh -plugin-opt=-pass-through=-lmoldname -plugin-opt=-pass-through=-lmingwex -plugin-opt=-pass-through=-lmsvcrt -plugin-opt=-pass-through=-lkernel32 --sysroot=/usr/x86_64-w64-mingw32/sys-root --build-id -m i386pep -Bdynamic -o cmTC_b2731.exe /usr/x86_64-w64-mingw32/sys-root/mingw/lib/../lib/crt2.o /usr/lib64/gcc/x86_64-w64-mingw32/12.2.0/crtbegin.o -L/usr/lib64/gcc/x86_64-w64-mingw32/12.2.0 -L/usr/lib64/gcc/x86_64-w64-mingw32/12.2.0/../../../../x86_64-w64-mingw32/lib/../lib -L/usr/x86_64-w64-mingw32/sys-root/mingw/lib/../lib -L/usr/lib64/gcc/x86_64-w64-mingw32/12.2.0/../../../../x86_64-w64-mingw32/lib -L/usr/x86_64-w64-mingw32/sys-root/mingw/lib CMakeFiles/cmTC_b2731.dir/CMakeCCompilerABI.c.obj --out-implib libcmTC_b2731.dll.a --major-image-version 0 --minor-image-version 0 -lmingw32 -lgcc -lgcc_eh -lmoldname -lmingwex -lmsvcrt -lkernel32 -lpthread -ladvapi32 -lshell32 -luser32 -lkernel32 -lmingw32 -lgcc -lgcc_eh -lmoldname -lmingwex -lmsvcrt -lkernel32 /usr/lib64/gcc/x86_64-w64-mingw32/12.2.0/crtend.o]
    arg [/usr/lib64/gcc/x86_64-w64-mingw32/12.2.0/collect2] ==> ignore
    arg [-plugin] ==> ignore
    arg [/usr/lib64/gcc/x86_64-w64-mingw32/12.2.0/liblto_plugin.so] ==> ignore
    arg [-plugin-opt=/usr/lib64/gcc/x86_64-w64-mingw32/12.2.0/lto-wrapper] ==> ignore
    arg [-plugin-opt=-fresolution=/tmp/ccwWH6sS.res] ==> ignore
    arg [-plugin-opt=-pass-through=-lmingw32] ==> ignore
    arg [-plugin-opt=-pass-through=-lgcc] ==> ignore
    arg [-plugin-opt=-pass-through=-lgcc_eh] ==> ignore
    arg [-plugin-opt=-pass-through=-lmoldname] ==> ignore
    arg [-plugin-opt=-pass-through=-lmingwex] ==> ignore
    arg [-plugin-opt=-pass-through=-lmsvcrt] ==> ignore
    arg [-plugin-opt=-pass-through=-lkernel32] ==> ignore
    arg [-plugin-opt=-pass-through=-lpthread] ==> ignore
    arg [-plugin-opt=-pass-through=-ladvapi32] ==> ignore
    arg [-plugin-opt=-pass-through=-lshell32] ==> ignore
    arg [-plugin-opt=-pass-through=-luser32] ==> ignore
    arg [-plugin-opt=-pass-through=-lkernel32] ==> ignore
    arg [-plugin-opt=-pass-through=-lmingw32] ==> ignore
    arg [-plugin-opt=-pass-through=-lgcc] ==> ignore
    arg [-plugin-opt=-pass-through=-lgcc_eh] ==> ignore
    arg [-plugin-opt=-pass-through=-lmoldname] ==> ignore
    arg [-plugin-opt=-pass-through=-lmingwex] ==> ignore
    arg [-plugin-opt=-pass-through=-lmsvcrt] ==> ignore
    arg [-plugin-opt=-pass-through=-lkernel32] ==> ignore
    arg [--sysroot=/usr/x86_64-w64-mingw32/sys-root] ==> ignore
    arg [--build-id] ==> ignore
    arg [-m] ==> ignore
    arg [i386pep] ==> ignore
    arg [-Bdynamic] ==> search dynamic
    arg [-o] ==> ignore
    arg [cmTC_b2731.exe] ==> ignore
    arg [/usr/x86_64-w64-mingw32/sys-root/mingw/lib/../lib/crt2.o] ==> obj [/usr/x86_64-w64-mingw32/sys-root/mingw/lib/../lib/crt2.o]
    arg [/usr/lib64/gcc/x86_64-w64-mingw32/12.2.0/crtbegin.o] ==> obj [/usr/lib64/gcc/x86_64-w64-mingw32/12.2.0/crtbegin.o]
    arg [-L/usr/lib64/gcc/x86_64-w64-mingw32/12.2.0] ==> dir [/usr/lib64/gcc/x86_64-w64-mingw32/12.2.0]
    arg [-L/usr/lib64/gcc/x86_64-w64-mingw32/12.2.0/../../../../x86_64-w64-mingw32/lib/../lib] ==> dir [/usr/lib64/gcc/x86_64-w64-mingw32/12.2.0/../../../../x86_64-w64-mingw32/lib/../lib]
    arg [-L/usr/x86_64-w64-mingw32/sys-root/mingw/lib/../lib] ==> dir [/usr/x86_64-w64-mingw32/sys-root/mingw/lib/../lib]
    arg [-L/usr/lib64/gcc/x86_64-w64-mingw32/12.2.0/../../../../x86_64-w64-mingw32/lib] ==> dir [/usr/lib64/gcc/x86_64-w64-mingw32/12.2.0/../../../../x86_64-w64-mingw32/lib]
    arg [-L/usr/x86_64-w64-mingw32/sys-root/mingw/lib] ==> dir [/usr/x86_64-w64-mingw32/sys-root/mingw/lib]
    arg [CMakeFiles/cmTC_b2731.dir/CMakeCCompilerABI.c.obj] ==> ignore
    arg [--out-implib] ==> ignore
    arg [libcmTC_b2731.dll.a] ==> ignore
    arg [--major-image-version] ==> ignore
    arg [0] ==> ignore
    arg [--minor-image-version] ==> ignore
    arg [0] ==> ignore
    arg [-lmingw32] ==> lib [mingw32]
    arg [-lgcc] ==> lib [gcc]
    arg [-lgcc_eh] ==> lib [gcc_eh]
    arg [-lmoldname] ==> lib [moldname]
    arg [-lmingwex] ==> lib [mingwex]
    arg [-lmsvcrt] ==> lib [msvcrt]
    arg [-lkernel32] ==> lib [kernel32]
    arg [-lpthread] ==> lib [pthread]
    arg [-ladvapi32] ==> lib [advapi32]
    arg [-lshell32] ==> lib [shell32]
    arg [-luser32] ==> lib [user32]
    arg [-lkernel32] ==> lib [kernel32]
    arg [-lmingw32] ==> lib [mingw32]
    arg [-lgcc] ==> lib [gcc]
    arg [-lgcc_eh] ==> lib [gcc_eh]
    arg [-lmoldname] ==> lib [moldname]
    arg [-lmingwex] ==> lib [mingwex]
    arg [-lmsvcrt] ==> lib [msvcrt]
    arg [-lkernel32] ==> lib [kernel32]
    arg [/usr/lib64/gcc/x86_64-w64-mingw32/12.2.0/crtend.o] ==> obj [/usr/lib64/gcc/x86_64-w64-mingw32/12.2.0/crtend.o]
  remove lib [gcc_eh]
  remove lib [msvcrt]
  remove lib [gcc_eh]
  remove lib [msvcrt]
  collapse obj [/usr/x86_64-w64-mingw32/sys-root/mingw/lib/../lib/crt2.o] ==> [/usr/x86_64-w64-mingw32/sys-root/mingw/lib/crt2.o]
  collapse library dir [/usr/lib64/gcc/x86_64-w64-mingw32/12.2.0] ==> [/usr/lib64/gcc/x86_64-w64-mingw32/12.2.0]
  collapse library dir [/usr/lib64/gcc/x86_64-w64-mingw32/12.2.0/../../../../x86_64-w64-mingw32/lib/../lib] ==> [/usr/x86_64-w64-mingw32/lib]
  collapse library dir [/usr/x86_64-w64-mingw32/sys-root/mingw/lib/../lib] ==> [/usr/x86_64-w64-mingw32/sys-root/mingw/lib]
  collapse library dir [/usr/lib64/gcc/x86_64-w64-mingw32/12.2.0/../../../../x86_64-w64-mingw32/lib] ==> [/usr/x86_64-w64-mingw32/lib]
  collapse library dir [/usr/x86_64-w64-mingw32/sys-root/mingw/lib] ==> [/usr/x86_64-w64-mingw32/sys-root/mingw/lib]
  implicit libs: [mingw32;gcc;moldname;mingwex;kernel32;pthread;advapi32;shell32;user32;kernel32;mingw32;gcc;moldname;mingwex;kernel32]
  implicit objs: [/usr/x86_64-w64-mingw32/sys-root/mingw/lib/crt2.o;/usr/lib64/gcc/x86_64-w64-mingw32/12.2.0/crtbegin.o;/usr/lib64/gcc/x86_64-w64-mingw32/12.2.0/crtend.o]
  implicit dirs: [/usr/lib64/gcc/x86_64-w64-mingw32/12.2.0;/usr/x86_64-w64-mingw32/lib;/usr/x86_64-w64-mingw32/sys-root/mingw/lib]
  implicit fwks: []


Determining if the include file dinput.h exists passed with the following output:
Change Dir: /home/dulu/opengl_ex/build/CMakeFiles/CMakeTmp

Run Build Command(s):/usr/bin/ninja cmTC_c902b && [1/2] Building C object CMakeFiles/cmTC_c902b.dir/CheckIncludeFile.c.obj
[2/2] Linking C executable cmTC_c902b.exe



Determining if the include file xinput.h exists passed with the following output:
Change Dir: /home/dulu/opengl_ex/build/CMakeFiles/CMakeTmp

Run Build Command(s):/usr/bin/ninja cmTC_b8bb5 && [1/2] Building C object CMakeFiles/cmTC_b8bb5.dir/CheckIncludeFile.c.obj
[2/2] Linking C executable cmTC_b8bb5.exe



Performing C SOURCE FILE Test _GLFW_HAS_DEP succeeded with the following output:
Change Dir: /home/dulu/opengl_ex/build/CMakeFiles/CMakeTmp

Run Build Command(s):/usr/bin/ninja cmTC_c12da && [1/2] Building C object CMakeFiles/cmTC_c12da.dir/src.c.obj
[2/2] Linking C executable cmTC_c12da.exe


Source file was:
int main(void) { return 0; }
Performing C SOURCE FILE Test _GLFW_HAS_ASLR succeeded with the following output:
Change Dir: /home/dulu/opengl_ex/build/CMakeFiles/CMakeTmp

Run Build Command(s):/usr/bin/ninja cmTC_74c90 && [1/2] Building C object CMakeFiles/cmTC_74c90.dir/src.c.obj
[2/2] Linking C executable cmTC_74c90.exe


Source file was:
int main(void) { return 0; }
Performing C SOURCE FILE Test _GLFW_HAS_64ASLR succeeded with the following output:
Change Dir: /home/dulu/opengl_ex/build/CMakeFiles/CMakeTmp

Run Build Command(s):/usr/bin/ninja cmTC_9036c && [1/2] Building C object CMakeFiles/cmTC_9036c.dir/src.c.obj
[2/2] Linking C executable cmTC_9036c.exe


Source file was:
int main(void) { return 0; }
